<?xml version="1.0" encoding="UTF-8"?>
<!-- Generated by org.testng.reporters.JUnitXMLReporter -->
<testsuite ignored="0" hostname="LAPTOP-6O98HGRJ" failures="0" tests="3" name="Default test" time="17.304" errors="0" timestamp="2021-03-16T19:34:54 IST">
  <testcase classname="com.mindtree.bigbasket.runner.RunnerTest" name="searchItems" time="4.972"/>
  <testcase classname="com.mindtree.bigbasket.runner.RunnerTest" name="cartcheck" time="3.824"/>
  <testcase classname="com.mindtree.bigbasket.runner.RunnerTest" name="BestSellerItem" time="0.261"/>
</testsuite> <!-- Default test -->
