<?xml version="1.0" encoding="UTF-8"?>
<testng-results ignored="0" total="3" passed="3" failed="0" skipped="0">
  <reporter-output>
  </reporter-output>
  <suite started-at="2021-03-16T19:34:37 IST" name="Default suite" finished-at="2021-03-16T19:34:54 IST" duration-ms="17304">
    <groups>
    </groups>
    <test started-at="2021-03-16T19:34:37 IST" name="Default test" finished-at="2021-03-16T19:34:54 IST" duration-ms="17304">
      <class name="com.mindtree.bigbasket.runner.RunnerTest">
        <test-method is-config="true" signature="beforeSuite()[pri:0, instance:com.mindtree.bigbasket.runner.RunnerTest@193f604a]" started-at="2021-03-16T19:34:35 IST" name="beforeSuite" finished-at="2021-03-16T19:34:37 IST" duration-ms="1939" status="PASS">
          <reporter-output>
          </reporter-output>
        </test-method> <!-- beforeSuite -->
        <test-method is-config="true" signature="beforeTest()[pri:0, instance:com.mindtree.bigbasket.runner.RunnerTest@193f604a]" started-at="2021-03-16T19:34:37 IST" name="beforeTest" finished-at="2021-03-16T19:34:41 IST" duration-ms="3577" status="PASS">
          <reporter-output>
          </reporter-output>
        </test-method> <!-- beforeTest -->
        <test-method is-config="true" signature="beforeMethod(java.lang.reflect.Method)[pri:0, instance:com.mindtree.bigbasket.runner.RunnerTest@193f604a]" started-at="2021-03-16T19:34:41 IST" name="beforeMethod" finished-at="2021-03-16T19:34:41 IST" duration-ms="4" status="PASS">
          <params>
            <param index="0">
              <value>
                <![CDATA[void com.mindtree.bigbasket.runner.RunnerTest.searchItems(java.lang.String)]]>
              </value>
            </param>
          </params>
          <reporter-output>
          </reporter-output>
        </test-method> <!-- beforeMethod -->
        <test-method signature="searchItems(java.lang.String)[pri:1, instance:com.mindtree.bigbasket.runner.RunnerTest@193f604a]" started-at="2021-03-16T19:34:41 IST" name="searchItems" data-provider="getItems" finished-at="2021-03-16T19:34:46 IST" duration-ms="4972" status="PASS">
          <params>
            <param index="0">
              <value>
                <![CDATA[Onions]]>
              </value>
            </param>
          </params>
          <reporter-output>
          </reporter-output>
        </test-method> <!-- searchItems -->
        <test-method is-config="true" signature="afterMethod()[pri:0, instance:com.mindtree.bigbasket.runner.RunnerTest@193f604a]" started-at="2021-03-16T19:34:47 IST" name="afterMethod" finished-at="2021-03-16T19:34:47 IST" duration-ms="2" status="PASS">
          <reporter-output>
          </reporter-output>
        </test-method> <!-- afterMethod -->
        <test-method is-config="true" signature="beforeMethod(java.lang.reflect.Method)[pri:0, instance:com.mindtree.bigbasket.runner.RunnerTest@193f604a]" started-at="2021-03-16T19:34:47 IST" name="beforeMethod" finished-at="2021-03-16T19:34:47 IST" duration-ms="2" status="PASS">
          <params>
            <param index="0">
              <value>
                <![CDATA[void com.mindtree.bigbasket.runner.RunnerTest.cartcheck()]]>
              </value>
            </param>
          </params>
          <reporter-output>
          </reporter-output>
        </test-method> <!-- beforeMethod -->
        <test-method signature="cartcheck()[pri:2, instance:com.mindtree.bigbasket.runner.RunnerTest@193f604a]" started-at="2021-03-16T19:34:47 IST" name="cartcheck" finished-at="2021-03-16T19:34:51 IST" duration-ms="3824" status="PASS">
          <reporter-output>
          </reporter-output>
        </test-method> <!-- cartcheck -->
        <test-method is-config="true" signature="afterMethod()[pri:0, instance:com.mindtree.bigbasket.runner.RunnerTest@193f604a]" started-at="2021-03-16T19:34:53 IST" name="afterMethod" finished-at="2021-03-16T19:34:53 IST" duration-ms="1" status="PASS">
          <reporter-output>
          </reporter-output>
        </test-method> <!-- afterMethod -->
        <test-method is-config="true" signature="beforeMethod(java.lang.reflect.Method)[pri:0, instance:com.mindtree.bigbasket.runner.RunnerTest@193f604a]" started-at="2021-03-16T19:34:53 IST" name="beforeMethod" finished-at="2021-03-16T19:34:53 IST" duration-ms="1" status="PASS">
          <params>
            <param index="0">
              <value>
                <![CDATA[void com.mindtree.bigbasket.runner.RunnerTest.BestSellerItem()]]>
              </value>
            </param>
          </params>
          <reporter-output>
          </reporter-output>
        </test-method> <!-- beforeMethod -->
        <test-method signature="BestSellerItem()[pri:3, instance:com.mindtree.bigbasket.runner.RunnerTest@193f604a]" started-at="2021-03-16T19:34:53 IST" name="BestSellerItem" finished-at="2021-03-16T19:34:53 IST" duration-ms="261" status="PASS">
          <reporter-output>
          </reporter-output>
        </test-method> <!-- BestSellerItem -->
        <test-method is-config="true" signature="afterMethod()[pri:0, instance:com.mindtree.bigbasket.runner.RunnerTest@193f604a]" started-at="2021-03-16T19:34:54 IST" name="afterMethod" finished-at="2021-03-16T19:34:54 IST" duration-ms="0" status="PASS">
          <reporter-output>
          </reporter-output>
        </test-method> <!-- afterMethod -->
        <test-method is-config="true" signature="afterTest()[pri:0, instance:com.mindtree.bigbasket.runner.RunnerTest@193f604a]" started-at="2021-03-16T19:34:54 IST" name="afterTest" finished-at="2021-03-16T19:34:54 IST" duration-ms="755" status="PASS">
          <reporter-output>
          </reporter-output>
        </test-method> <!-- afterTest -->
        <test-method is-config="true" signature="afterSuite()[pri:0, instance:com.mindtree.bigbasket.runner.RunnerTest@193f604a]" started-at="2021-03-16T19:34:54 IST" name="afterSuite" finished-at="2021-03-16T19:34:59 IST" duration-ms="4190" status="PASS">
          <reporter-output>
          </reporter-output>
        </test-method> <!-- afterSuite -->
      </class> <!-- com.mindtree.bigbasket.runner.RunnerTest -->
    </test> <!-- Default test -->
  </suite> <!-- Default suite -->
</testng-results>
